<?xml version="1.0" encoding="UTF-8"?>
<testng-results ignored="0" total="1" passed="1" failed="0" skipped="0">
  <reporter-output>
  </reporter-output>
  <suite started-at="2025-08-11T00:02:34 GMT+07:00" name="Sample Suite" finished-at="2025-08-11T00:02:43 GMT+07:00" duration-ms="8805">
    <groups>
    </groups>
    <test started-at="2025-08-11T00:02:34 GMT+07:00" name="Sample Test" finished-at="2025-08-11T00:02:43 GMT+07:00" duration-ms="8805">
      <class name="com.example.tests.SampleTest">
        <test-method is-config="true" signature="setUp()[pri:0, instance:com.example.tests.SampleTest@5a63f509]" started-at="2025-08-11T00:02:34 GMT+07:00" name="setUp" finished-at="2025-08-11T00:02:42 GMT+07:00" duration-ms="7680" status="PASS">
          <reporter-output>
          </reporter-output>
        </test-method> <!-- setUp -->
        <test-method signature="testSearch()[pri:0, instance:com.example.tests.SampleTest@5a63f509]" started-at="2025-08-11T00:02:42 GMT+07:00" name="testSearch" finished-at="2025-08-11T00:02:43 GMT+07:00" duration-ms="1089" status="PASS">
          <reporter-output>
          </reporter-output>
        </test-method> <!-- testSearch -->
      </class> <!-- com.example.tests.SampleTest -->
    </test> <!-- Sample Test -->
  </suite> <!-- Sample Suite -->
</testng-results>
